<?xml version="1.0" encoding="UTF-8"?>
<!-- Generated by org.testng.reporters.JUnitXMLReporter -->
<testsuite hostname="LMP2DSS6C13MQ2" ignored="0" name="CheckingSoftAssertion" tests="5" failures="2" timestamp="2021-11-24T15:26:10 IST" time="0.324" errors="0">
  <testcase name="doUserRegister" time="0.014" classname="testcases.TestNGTesting4">
    <failure type="java.lang.AssertionError" message="Not able to register">
      <![CDATA[java.lang.AssertionError: Not able to register
at testcases.TestNGTesting4.doUserRegister(TestNGTesting4.java:18)
at java.util.ArrayList.forEach(ArrayList.java:1257)
... Removed 29 stack frames]]>
    </failure>
  </testcase> <!-- doUserRegister -->
  <testcase name="validatingImage" time="0.0" classname="testcases.TestNGTesting4">
    <skipped/>
  </testcase> <!-- validatingImage -->
  <testcase name="validatingTitle" time="0.028" classname="testcases.TestNGTesting4"/>
  <testcase name="doLogin" time="0.0" classname="testcases.TestNGTesting4">
    <skipped/>
  </testcase> <!-- doLogin -->
  <testcase name="validateTest" time="0.056" classname="testcases.TestNGTesting3">
    <failure type="java.lang.AssertionError" message="The following asserts failed:
	expected [gmail.com] but found [yahoo.com],
	Both should be same expected [gmail.com] but found [yahoo.com],
	Both should be same expected [true] but found [false]">
      <![CDATA[java.lang.AssertionError: The following asserts failed:
expected [gmail.com] but found [yahoo.com],
Both should be same expected [gmail.com] but found [yahoo.com],
Both should be same expected [true] but found [false]
at testcases.TestNGTesting3.validateTest(TestNGTesting3.java:29)
at java.util.ArrayList.forEach(ArrayList.java:1257)
... Removed 30 stack frames]]>
    </failure>
  </testcase> <!-- validateTest -->
</testsuite> <!-- CheckingSoftAssertion -->
