<?xml version="1.0" encoding="UTF-8"?>
<!-- Generated by org.testng.reporters.JUnitXMLReporter -->
<testsuite hostname="DAREDEVIL" ignored="0" name="Login Validation test(failed)(failed)" tests="1" failures="1" timestamp="2023-09-16T20:11:47 IST" time="0.041" errors="0">
  <testcase name="validateTest" time="0.016" classname="testNGTestcases.SoftAssertion">
    <failure type="java.lang.AssertionError" message="The following asserts failed:
	expected [gmail.com] but found [yahoo.com],
	Image is not found expected [gmail.com] but found [yahoo.com],
	Both should be same expected [true] but found [false]">
      <![CDATA[java.lang.AssertionError: The following asserts failed:
expected [gmail.com] but found [yahoo.com],
Image is not found expected [gmail.com] but found [yahoo.com],
Both should be same expected [true] but found [false]
at testNGTestcases.SoftAssertion.validateTest(SoftAssertion.java:31)
at java.util.ArrayList.forEach(ArrayList.java:1257)
... Removed 29 stack frames]]>
    </failure>
  </testcase> <!-- validateTest -->
</testsuite> <!-- Login Validation test(failed)(failed) -->
