<?xml version="1.0" encoding="UTF-8"?>
<!-- Generated by org.testng.reporters.JUnitXMLReporter -->
<testsuite hostname="DESKTOP-77CED7A" ignored="0" name="CheckingSoftAssertion" tests="1" failures="1" timestamp="2021-11-29T09:28:42 PST" time="0.011" errors="0">
  <testcase name="validateTest" time="0.007" classname="testNGTestcases.SoftAssertion">
    <failure type="java.lang.AssertionError" message="The following asserts failed:
	expected [gmail.com] but found [yahoo.com],
	Both should be same expected [gmail.com] but found [yahoo.com],
	Both should be same expected [true] but found [false]">
      <![CDATA[java.lang.AssertionError: The following asserts failed:
expected [gmail.com] but found [yahoo.com],
Both should be same expected [gmail.com] but found [yahoo.com],
Both should be same expected [true] but found [false]
at testNGTestcases.SoftAssertion.validateTest(SoftAssertion.java:31)
at java.util.ArrayList.forEach(ArrayList.java:1257)
... Removed 29 stack frames]]>
    </failure>
  </testcase> <!-- validateTest -->
</testsuite> <!-- CheckingSoftAssertion -->
